SF:lib\base\data\shared_preference_datasource.dart
DA:20,1
DA:22,1
DA:24,2
DA:27,1
DA:29,2
DA:32,1
DA:34,2
LF:7
LH:7
end_of_record
SF:lib\base\widget\password_form_field.dart
DA:13,1
DA:23,1
DA:24,1
DA:31,1
DA:33,2
DA:34,1
DA:37,1
DA:39,1
DA:40,2
DA:41,1
DA:42,2
DA:43,1
DA:44,2
DA:45,1
DA:46,1
DA:47,2
DA:48,2
DA:51,1
DA:52,1
DA:53,1
DA:58,1
DA:60,3
DA:62,0
DA:63,0
DA:68,1
DA:69,2
DA:70,2
DA:71,2
LF:28
LH:26
end_of_record
SF:lib\app_theme.dart
DA:37,0
DA:38,0
DA:39,0
DA:47,0
DA:48,0
DA:50,0
DA:51,0
DA:53,0
DA:55,0
LF:9
LH:0
end_of_record
SF:lib\base\widget\golden_widget.dart
DA:5,1
DA:9,1
DA:11,1
DA:13,1
DA:14,1
DA:15,3
DA:18,1
LF:7
LH:7
end_of_record
SF:lib\features\horoscope\domain\usecases\get_horoscope.dart
DA:7,3
DA:10,3
DA:12,3
DA:13,3
DA:16,3
DA:17,6
DA:19,3
DA:20,9
DA:22,3
DA:23,9
DA:25,3
DA:26,9
DA:28,3
DA:29,9
DA:30,3
LF:15
LH:15
end_of_record
SF:lib\base\data\you_app_datasource.dart
DA:8,4
DA:10,2
DA:14,0
DA:16,8
DA:21,0
DA:22,0
LF:6
LH:3
end_of_record
SF:lib\base\error\custom_exception.dart
DA:4,3
DA:6,0
DA:8,0
LF:3
LH:1
end_of_record
SF:lib\features\login\data\datasources\login_datasource.dart
DA:18,1
DA:20,1
DA:23,2
DA:25,1
DA:28,4
DA:29,3
DA:30,2
DA:32,4
DA:35,1
DA:43,1
DA:46,2
DA:48,1
DA:51,2
DA:52,3
DA:53,0
DA:58,4
DA:61,1
LF:17
LH:16
end_of_record
SF:lib\features\login\domain\entities\login_dto.dart
DA:9,5
DA:15,1
DA:20,1
DA:21,1
DA:22,0
DA:23,1
DA:27,2
DA:28,2
DA:29,2
DA:30,2
DA:31,2
DA:35,1
DA:36,1
DA:37,1
DA:38,1
DA:39,1
DA:43,6
DA:45,1
DA:46,2
DA:48,0
DA:50,0
DA:52,3
DA:56,3
DA:57,3
DA:58,3
DA:61,1
DA:62,8
LF:27
LH:24
end_of_record
SF:lib\features\login\domain\entities\register_dto.dart
DA:9,4
DA:15,1
DA:20,1
DA:21,1
DA:22,0
DA:23,1
DA:27,2
DA:28,2
DA:29,2
DA:30,2
DA:31,2
DA:35,1
DA:36,1
DA:37,1
DA:38,1
DA:39,1
DA:43,6
DA:45,1
DA:46,2
DA:48,0
DA:50,0
DA:52,3
DA:56,3
DA:57,3
DA:58,3
DA:61,1
DA:62,8
LF:27
LH:24
end_of_record
SF:lib\features\horoscope\data\datasources\horoscope_data.dart
DA:8,3
DA:16,9
DA:17,3
DA:18,3
DA:19,3
DA:22,3
DA:23,3
DA:24,3
DA:27,3
DA:28,3
DA:29,3
DA:32,3
DA:33,3
DA:34,3
DA:37,3
DA:38,3
DA:39,3
DA:42,3
DA:43,3
DA:44,3
DA:47,3
DA:48,3
DA:49,3
DA:52,3
DA:53,3
DA:54,3
DA:57,3
DA:58,3
DA:59,3
DA:62,3
DA:63,3
DA:64,3
DA:67,3
DA:68,3
DA:69,3
DA:72,3
DA:73,3
DA:74,3
DA:77,3
DA:78,3
DA:79,3
LF:41
LH:41
end_of_record
SF:lib\base\usecase.dart
DA:16,0
DA:17,0
LF:2
LH:0
end_of_record
SF:lib\features\profile\data\datasources\profile_datasource.dart
DA:20,1
DA:22,2
DA:26,1
DA:29,2
DA:31,1
DA:32,1
DA:36,2
DA:37,3
DA:39,4
DA:42,1
DA:50,1
DA:53,2
DA:55,1
DA:56,1
DA:58,1
DA:61,2
DA:64,4
DA:67,1
LF:18
LH:18
end_of_record
SF:lib\features\profile\domain\entities\profile.dart
DA:21,48
DA:23,2
DA:25,2
DA:28,2
DA:30,2
DA:37,21
DA:52,2
DA:53,2
DA:55,3
DA:56,3
DA:59,10
DA:62,3
DA:63,3
DA:64,4
DA:67,3
DA:68,3
DA:69,4
LF:17
LH:17
end_of_record
SF:lib\features\profile\domain\entities\profile.g.dart
DA:9,2
DA:10,1
DA:11,2
DA:12,4
DA:13,2
DA:14,2
DA:15,2
DA:16,4
DA:17,2
DA:18,2
DA:20,3
DA:21,2
DA:22,2
DA:23,1
DA:24,2
DA:25,1
DA:28,2
DA:29,2
DA:30,2
DA:31,4
DA:32,2
DA:33,2
DA:34,2
DA:35,4
DA:36,2
DA:37,4
DA:38,2
DA:39,2
DA:40,2
DA:43,2
DA:47,2
DA:54,2
DA:58,2
LF:33
LH:33
end_of_record
SF:lib\features\zodiac\domain\usecases\get_zodiac.dart
DA:7,3
DA:10,3
DA:11,3
DA:12,3
DA:13,3
DA:16,9
DA:17,6
DA:18,6
DA:19,6
DA:20,6
DA:22,3
LF:11
LH:11
end_of_record
SF:lib\features\zodiac\data\datasources\zodiac_data.dart
DA:8,3
DA:16,9
DA:17,3
DA:18,3
DA:19,3
DA:22,3
DA:23,3
DA:24,3
DA:27,3
DA:28,3
DA:29,3
DA:32,3
DA:33,3
DA:34,3
DA:37,3
DA:38,3
DA:39,3
DA:42,3
DA:43,3
DA:44,3
DA:47,3
DA:48,3
DA:49,3
DA:52,3
DA:53,3
DA:54,3
DA:57,3
DA:58,3
DA:59,3
DA:62,3
DA:63,3
DA:64,3
DA:67,3
DA:68,3
DA:69,3
DA:72,3
DA:73,3
DA:74,3
DA:77,3
DA:78,3
DA:79,3
DA:82,3
DA:83,3
DA:84,3
DA:87,3
DA:88,3
DA:89,3
DA:92,3
DA:93,3
DA:94,3
DA:97,3
DA:98,3
DA:99,3
DA:102,3
DA:103,3
DA:104,3
DA:107,3
DA:108,3
DA:109,3
DA:112,3
DA:113,3
DA:114,3
DA:117,3
DA:118,3
DA:119,3
DA:122,3
DA:123,3
DA:124,3
DA:127,3
DA:128,3
DA:129,3
DA:132,3
DA:133,3
DA:134,3
DA:137,3
DA:138,3
DA:139,3
DA:142,3
DA:143,3
DA:144,3
DA:147,3
DA:148,3
DA:149,3
DA:152,3
DA:153,3
DA:154,3
DA:157,3
DA:158,3
DA:159,3
DA:162,3
DA:163,3
DA:164,3
DA:167,3
DA:168,3
DA:169,3
DA:172,3
DA:173,3
DA:174,3
DA:177,3
DA:178,3
DA:179,3
DA:182,3
DA:183,3
DA:184,3
DA:187,3
DA:188,3
DA:189,3
DA:192,3
DA:193,3
DA:194,3
DA:197,3
DA:198,3
DA:199,3
DA:202,3
DA:203,3
DA:204,3
DA:207,3
DA:208,3
DA:209,3
DA:212,3
DA:213,3
DA:214,3
DA:217,3
DA:218,3
DA:219,3
DA:222,3
DA:223,3
DA:224,3
DA:227,3
DA:228,3
DA:229,3
DA:232,3
DA:233,3
DA:234,3
DA:237,3
DA:238,3
DA:239,3
DA:242,3
DA:243,3
DA:244,3
DA:247,3
DA:248,3
DA:249,3
DA:252,3
DA:253,3
DA:254,3
DA:257,3
DA:258,3
DA:259,3
DA:262,3
DA:263,3
DA:264,3
DA:267,3
DA:268,3
DA:269,3
DA:272,3
DA:273,3
DA:274,3
DA:277,3
DA:278,3
DA:279,3
DA:282,3
DA:283,3
DA:284,3
DA:287,3
DA:288,3
DA:289,3
DA:292,3
DA:293,3
DA:294,3
DA:297,3
DA:298,3
DA:299,3
DA:302,3
DA:303,3
DA:304,3
DA:307,3
DA:308,3
DA:309,3
DA:312,3
DA:313,3
DA:314,3
DA:317,3
DA:318,3
DA:319,3
DA:322,3
DA:323,3
DA:324,3
DA:327,3
DA:328,3
DA:329,3
DA:332,3
DA:333,3
DA:334,3
DA:337,3
DA:338,3
DA:339,3
DA:342,3
DA:343,3
DA:344,3
DA:347,3
DA:348,3
DA:349,3
DA:352,3
DA:353,3
DA:354,3
DA:357,3
DA:358,3
DA:359,3
DA:362,3
DA:363,3
DA:364,3
DA:367,3
DA:368,3
DA:369,3
DA:372,3
DA:373,3
DA:374,3
DA:377,3
DA:378,3
DA:379,3
DA:382,3
DA:383,3
DA:384,3
DA:387,3
DA:388,3
DA:389,3
DA:392,3
DA:393,3
DA:394,3
DA:397,3
DA:398,3
DA:399,3
DA:402,3
DA:403,3
DA:404,3
DA:407,3
DA:408,3
DA:409,3
DA:412,3
DA:413,3
DA:414,3
DA:417,3
DA:418,3
DA:419,3
DA:422,3
DA:423,3
DA:424,3
DA:427,3
DA:428,3
DA:429,3
DA:432,3
DA:433,3
DA:434,3
DA:437,3
DA:438,3
DA:439,3
DA:442,3
DA:443,3
DA:444,3
DA:447,3
DA:448,3
DA:449,3
DA:452,3
DA:453,3
DA:454,3
DA:457,3
DA:458,3
DA:459,3
DA:462,3
DA:463,3
DA:464,3
DA:467,3
DA:468,3
DA:469,3
DA:472,3
DA:473,3
DA:474,3
DA:477,3
DA:478,3
DA:479,3
DA:482,3
DA:483,3
DA:484,3
DA:487,3
DA:488,3
DA:489,3
DA:492,3
DA:493,3
DA:494,3
DA:497,3
DA:498,3
DA:499,3
DA:502,3
DA:503,3
DA:504,3
DA:507,3
DA:508,3
DA:509,3
DA:512,3
DA:513,3
DA:514,3
DA:517,3
DA:518,3
DA:519,3
DA:522,3
DA:523,3
DA:524,3
DA:527,3
DA:528,3
DA:529,3
DA:532,3
DA:533,3
DA:534,3
DA:537,3
DA:538,3
DA:539,3
DA:542,3
DA:543,3
DA:544,3
DA:547,3
DA:548,3
DA:549,3
DA:552,3
DA:553,3
DA:554,3
DA:557,3
DA:558,3
DA:559,3
DA:562,3
DA:563,3
DA:564,3
DA:567,3
DA:568,3
DA:569,3
DA:572,3
DA:573,3
DA:574,3
LF:338
LH:338
end_of_record
SF:lib\features\login\domain\usecases\get_access_token.dart
DA:10,1
DA:12,1
DA:13,2
LF:3
LH:3
end_of_record
SF:lib\features\login\data\repositories\login_repository_impl.dart
DA:14,1
DA:19,1
DA:22,2
DA:24,1
DA:32,1
DA:35,2
DA:37,1
DA:45,1
DA:48,2
DA:50,0
DA:58,1
DA:61,2
DA:63,0
DA:71,1
DA:74,2
DA:76,0
LF:16
LH:13
end_of_record
SF:lib\features\login\domain\usecases\post_login.dart
DA:11,1
DA:13,1
DA:14,2
LF:3
LH:3
end_of_record
SF:lib\features\login\domain\usecases\post_register.dart
DA:11,1
DA:13,1
DA:14,2
LF:3
LH:3
end_of_record
SF:lib\features\login\domain\usecases\revoke_access_token.dart
DA:10,1
DA:12,1
DA:13,2
LF:3
LH:3
end_of_record
SF:lib\features\login\domain\usecases\save_access_token.dart
DA:10,1
DA:12,1
DA:13,2
LF:3
LH:3
end_of_record
SF:lib\features\login\presentation\cubit\login_state.dart
DA:4,7
DA:6,0
DA:7,0
DA:9,0
DA:13,0
DA:14,0
DA:15,0
DA:16,0
DA:28,4
DA:30,0
DA:31,0
DA:37,2
DA:39,0
DA:40,0
LF:14
LH:3
end_of_record
SF:lib\features\login\presentation\cubit\login_cubit.dart
DA:25,1
DA:31,0
DA:32,0
DA:33,0
DA:34,0
DA:35,0
DA:36,2
DA:37,1
DA:40,0
DA:45,0
DA:46,0
DA:47,0
DA:52,0
DA:53,0
DA:54,0
DA:56,0
DA:57,0
DA:62,0
DA:67,0
DA:68,0
DA:69,0
DA:74,0
DA:75,0
DA:77,0
DA:85,0
DA:87,0
DA:88,0
DA:93,1
DA:96,3
DA:97,0
DA:99,0
DA:102,0
DA:106,0
DA:107,0
DA:109,0
DA:115,0
DA:116,0
DA:117,0
DA:119,0
DA:121,0
DA:124,0
DA:125,0
DA:127,0
DA:133,0
DA:134,0
DA:138,0
DA:139,0
DA:140,0
DA:142,0
DA:143,0
DA:145,0
DA:151,0
DA:152,0
DA:153,0
DA:154,0
DA:156,0
DA:157,0
DA:159,0
LF:58
LH:5
end_of_record
SF:lib\dependencies.dart
DA:7,0
DA:9,0
DA:10,0
DA:14,0
DA:16,0
LF:5
LH:0
end_of_record
SF:lib\features\profile\data\repositories\profile_repository_impl.dart
DA:11,1
DA:13,1
DA:16,2
DA:18,1
DA:26,1
DA:29,2
DA:31,1
LF:7
LH:7
end_of_record
SF:lib\features\profile\domain\usecases\get_profile.dart
DA:10,1
DA:12,1
DA:14,2
LF:3
LH:3
end_of_record
SF:lib\features\profile\domain\usecases\update_profile.dart
DA:12,1
DA:14,1
DA:16,2
DA:17,1
DA:18,1
DA:26,1
DA:31,0
DA:32,0
LF:8
LH:6
end_of_record
SF:lib\features\login\presentation\pages\login_page.dart
DA:19,2
DA:24,1
DA:25,1
DA:32,0
DA:33,0
DA:34,0
DA:37,2
DA:39,2
DA:40,0
DA:41,0
DA:43,0
DA:44,0
DA:46,0
DA:47,0
DA:49,0
DA:50,0
DA:51,0
DA:54,0
DA:55,0
DA:56,0
DA:60,0
DA:61,0
DA:62,2
DA:63,0
DA:64,0
DA:67,0
DA:75,0
DA:78,2
DA:79,0
DA:80,0
DA:91,0
DA:92,0
DA:93,0
DA:95,0
DA:104,0
DA:105,0
DA:107,0
DA:120,0
DA:126,0
DA:128,0
DA:131,0
DA:137,0
DA:139,0
DA:142,0
DA:146,0
DA:147,0
DA:148,0
DA:151,0
DA:154,0
DA:155,0
DA:156,0
DA:157,0
DA:159,0
DA:160,0
DA:163,0
DA:167,0
DA:168,0
DA:185,0
DA:187,0
DA:191,0
DA:195,0
DA:197,0
DA:198,0
DA:208,0
DA:209,0
DA:212,0
DA:213,0
DA:215,0
DA:216,0
DA:217,0
DA:219,0
DA:225,0
DA:239,0
DA:240,0
DA:241,0
DA:243,0
DA:244,0
DA:246,0
DA:248,0
DA:250,0
DA:251,0
DA:252,0
DA:257,0
DA:258,0
DA:261,0
DA:262,0
DA:264,0
DA:265,0
DA:266,0
DA:267,0
DA:268,0
DA:272,0
DA:273,0
DA:277,0
DA:279,0
DA:280,0
LF:96
LH:7
end_of_record
SF:lib\base\page\error_page.dart
DA:5,0
DA:10,0
DA:12,0
DA:13,0
DA:14,0
DA:15,0
LF:6
LH:0
end_of_record
SF:lib\base\widget\golden_link.dart
DA:5,0
DA:16,0
DA:18,0
DA:19,0
DA:20,0
DA:21,0
DA:22,0
DA:23,0
DA:24,0
LF:9
LH:0
end_of_record
SF:lib\base\widget\you_app_scaffold.dart
DA:7,8
DA:35,0
DA:36,0
DA:40,0
DA:42,0
DA:59,0
LF:6
LH:1
end_of_record
SF:lib\routing\app_router.dart
DA:17,0
DA:22,0
DA:26,0
DA:31,0
DA:36,0
DA:47,0
DA:49,0
DA:51,0
DA:68,0
DA:70,0
DA:71,0
DA:72,0
DA:73,0
DA:74,0
DA:77,0
DA:78,0
DA:81,0
DA:82,0
DA:83,0
DA:84,0
DA:86,0
DA:88,0
DA:89,0
DA:91,0
DA:92,0
DA:95,0
DA:96,0
DA:106,8
DA:108,0
DA:112,0
DA:114,0
DA:117,0
DA:123,16
DA:125,0
DA:129,0
DA:131,0
DA:134,0
DA:145,0
DA:147,0
DA:149,0
DA:152,0
DA:154,0
DA:157,0
DA:167,0
DA:169,0
DA:171,0
DA:172,0
DA:176,0
DA:178,0
LF:49
LH:2
end_of_record
SF:lib\routing\app_router.g.dart
DA:9,0
DA:10,0
DA:11,0
DA:12,0
DA:15,0
DA:17,0
DA:18,0
DA:21,0
DA:22,0
DA:32,0
DA:33,0
DA:37,0
DA:39,0
DA:43,0
DA:45,0
DA:47,0
DA:48,0
DA:50,0
DA:54,0
DA:57,2
DA:61,0
DA:63,3
DA:65,0
DA:66,0
DA:68,0
DA:71,0
DA:77,0
DA:78,0
DA:81,0
DA:83,0
DA:84,0
DA:88,0
DA:90,0
DA:92,0
DA:93,0
DA:95,0
DA:98,0
DA:104,0
DA:105,0
DA:108,0
DA:110,0
DA:111,0
DA:115,0
DA:117,0
DA:119,0
DA:120,0
DA:122,0
LF:47
LH:2
end_of_record
SF:lib\features\login\presentation\pages\register_page.dart
DA:16,1
DA:21,1
DA:22,1
DA:26,0
DA:28,0
DA:30,0
DA:43,0
DA:49,0
DA:51,0
DA:54,0
DA:60,0
DA:62,0
DA:65,0
DA:69,0
DA:70,0
DA:71,0
DA:74,0
DA:77,0
DA:78,0
DA:82,0
DA:83,0
DA:84,0
DA:85,0
DA:86,0
DA:87,0
DA:88,0
DA:91,0
DA:98,0
DA:102,0
DA:103,0
DA:104,0
DA:105,0
DA:107,0
DA:108,0
DA:111,0
DA:115,0
DA:116,0
DA:133,0
DA:135,0
DA:139,0
DA:143,0
DA:145,0
DA:146,0
DA:156,0
DA:157,0
DA:160,0
DA:161,0
DA:163,0
DA:164,0
DA:165,0
DA:167,0
DA:172,0
LF:52
LH:3
end_of_record
SF:lib\features\profile\presentation\bloc\profile_bloc.dart
DA:21,1
DA:25,0
DA:26,0
DA:27,2
DA:28,2
DA:29,2
DA:30,2
DA:31,2
DA:34,0
DA:38,0
DA:41,1
DA:45,2
DA:46,4
DA:47,1
DA:48,1
DA:49,1
DA:54,0
DA:55,0
DA:56,0
DA:57,0
DA:65,0
DA:69,0
DA:70,0
DA:71,0
DA:72,0
DA:73,0
DA:74,0
DA:77,0
DA:78,0
DA:79,0
DA:81,0
DA:82,0
DA:83,0
DA:91,0
DA:95,0
DA:96,0
DA:97,0
DA:99,0
DA:100,0
DA:101,0
DA:104,0
DA:116,1
DA:123,0
DA:130,0
LF:44
LH:13
end_of_record
SF:lib\features\profile\presentation\bloc\profile_state.dart
DA:4,5
DA:6,1
DA:7,1
DA:16,3
DA:20,0
DA:23,0
DA:24,0
DA:28,1
DA:29,2
DA:34,1
DA:38,0
DA:41,0
DA:42,0
DA:46,0
DA:47,0
LF:15
LH:7
end_of_record
SF:lib\features\profile\presentation\pages\interest_form_page.dart
DA:16,9
DA:20,1
DA:21,1
DA:28,1
DA:30,1
DA:31,0
DA:32,0
DA:33,0
DA:35,0
DA:38,0
DA:39,0
DA:42,1
DA:43,0
DA:44,0
DA:48,0
DA:49,0
DA:50,0
DA:51,0
DA:53,0
DA:55,0
DA:58,0
DA:59,0
DA:60,0
DA:70,0
DA:71,0
DA:72,0
DA:73,0
DA:79,0
DA:81,0
DA:83,0
DA:85,0
DA:86,0
DA:88,0
DA:91,0
DA:93,0
DA:96,0
DA:97,0
DA:98,0
DA:99,0
DA:101,0
DA:102,0
DA:104,0
DA:106,0
DA:107,0
DA:108,0
DA:109,0
DA:110,0
DA:111,0
DA:112,0
DA:113,0
DA:116,0
DA:128,0
DA:129,0
DA:130,0
DA:131,0
DA:132,0
DA:152,0
DA:153,0
DA:156,0
DA:157,0
DA:160,0
DA:162,0
DA:163,0
DA:164,0
DA:165,0
DA:181,0
DA:182,0
DA:183,0
DA:185,0
DA:186,0
DA:188,0
DA:190,0
DA:192,0
DA:193,0
DA:194,0
DA:199,0
DA:200,0
DA:203,0
DA:204,0
DA:206,0
DA:207,0
DA:208,0
DA:209,0
DA:210,0
DA:214,0
DA:215,0
DA:219,0
DA:221,0
DA:222,0
LF:89
LH:6
end_of_record
SF:lib\features\profile\presentation\pages\profile_page.dart
DA:13,9
DA:15,1
DA:17,1
DA:18,0
DA:20,0
DA:21,0
DA:22,0
DA:24,0
DA:25,0
DA:27,0
DA:28,0
DA:32,0
DA:34,0
DA:35,0
DA:36,0
DA:40,0
DA:42,0
DA:43,0
DA:46,0
DA:47,0
DA:48,0
DA:58,0
DA:60,0
DA:61,0
DA:62,0
DA:63,0
DA:65,0
DA:66,0
DA:77,0
LF:29
LH:3
end_of_record
SF:lib\features\profile\presentation\widgets\profile_widget.dart
DA:11,0
DA:16,0
DA:18,0
DA:20,0
DA:22,0
DA:23,0
DA:24,0
DA:28,0
DA:31,0
LF:9
LH:0
end_of_record
SF:lib\features\profile\presentation\widgets\about_card.dart
DA:24,1
DA:27,1
DA:29,1
DA:32,0
DA:33,0
DA:34,0
DA:35,0
DA:36,0
DA:37,0
DA:38,0
DA:39,0
DA:40,0
DA:41,0
DA:45,0
DA:46,0
DA:47,0
DA:48,0
DA:51,0
DA:52,0
DA:54,0
DA:56,0
DA:57,0
DA:58,0
DA:60,0
DA:61,0
DA:62,0
DA:63,0
DA:64,0
DA:67,0
DA:68,0
DA:70,0
DA:78,1
DA:80,1
DA:83,1
DA:85,5
DA:86,2
DA:87,1
DA:88,1
DA:89,1
DA:90,1
DA:94,1
DA:95,0
DA:96,0
DA:98,0
DA:99,0
DA:101,0
DA:102,0
DA:104,0
DA:105,0
DA:106,0
DA:107,0
DA:108,0
DA:112,0
DA:115,0
DA:116,0
DA:120,0
DA:130,0
DA:142,0
DA:146,0
DA:149,0
DA:153,0
DA:156,0
DA:157,0
DA:161,0
DA:162,0
DA:165,0
DA:168,0
DA:170,0
DA:171,0
DA:172,0
DA:173,0
DA:174,0
DA:175,0
DA:179,0
DA:182,0
DA:186,0
DA:189,0
DA:190,0
DA:194,0
DA:198,0
DA:202,0
DA:205,0
DA:206,0
DA:210,0
DA:214,0
DA:220,0
DA:221,0
DA:224,0
DA:227,0
DA:233,0
DA:234,0
DA:237,0
DA:244,1
DA:245,1
DA:247,1
DA:248,1
DA:252,4
DA:254,1
DA:256,4
DA:258,1
DA:260,4
DA:262,1
DA:264,2
DA:266,1
DA:268,2
DA:279,1
DA:285,1
DA:287,1
DA:288,1
DA:289,1
DA:290,1
DA:291,2
DA:292,4
DA:293,1
DA:294,1
DA:295,1
DA:296,1
DA:297,1
DA:300,1
DA:301,1
DA:302,3
DA:322,0
DA:336,0
DA:338,0
DA:339,0
DA:340,0
DA:342,0
DA:343,0
DA:344,0
DA:345,0
DA:346,0
DA:347,0
DA:348,0
DA:349,0
DA:354,0
DA:356,0
DA:358,0
DA:359,0
DA:360,0
DA:361,0
DA:362,0
DA:363,0
DA:364,0
DA:365,0
DA:366,0
DA:383,0
DA:394,0
DA:396,0
DA:397,0
DA:398,0
DA:400,0
DA:401,0
DA:402,0
DA:403,0
DA:404,0
DA:405,0
DA:406,0
DA:407,0
DA:412,0
DA:414,0
DA:415,0
DA:416,0
DA:417,0
DA:418,0
DA:419,0
DA:421,0
DA:438,0
DA:449,0
DA:451,0
DA:452,0
DA:453,0
DA:455,0
DA:456,0
DA:457,0
DA:458,0
DA:459,0
DA:460,0
DA:461,0
DA:462,0
DA:467,0
DA:469,0
DA:471,0
DA:472,0
DA:473,0
DA:474,0
DA:476,0
DA:477,0
DA:478,0
DA:488,0
DA:491,0
DA:492,0
DA:493,0
LF:192
LH:42
end_of_record
SF:lib\features\profile\presentation\widgets\base_profile_card.dart
DA:8,0
DA:11,0
DA:12,0
DA:16,0
DA:19,0
DA:22,0
DA:23,0
DA:24,0
DA:30,4
DA:32,3
DA:40,2
DA:44,2
DA:45,2
DA:52,0
DA:53,0
DA:54,0
DA:55,0
DA:60,2
DA:62,2
DA:63,2
DA:65,2
DA:67,2
DA:68,2
DA:70,2
DA:71,6
DA:73,2
DA:74,0
DA:75,4
DA:79,4
LF:29
LH:16
end_of_record
SF:lib\features\profile\presentation\widgets\interest_card.dart
DA:9,1
DA:14,1
DA:17,1
DA:18,1
DA:19,2
DA:22,1
DA:24,2
DA:26,1
DA:27,1
DA:29,5
DA:30,2
DA:31,1
DA:32,1
DA:33,1
DA:34,1
DA:37,1
DA:40,5
LF:17
LH:17
end_of_record
SF:lib\features\profile\presentation\widgets\profile_hero.dart
DA:11,2
DA:18,1
DA:20,2
DA:21,2
DA:22,2
DA:23,2
DA:24,2
DA:25,2
DA:27,1
DA:30,1
DA:34,1
DA:35,1
DA:37,1
DA:44,1
DA:45,3
DA:50,1
DA:61,1
DA:64,1
DA:65,2
DA:66,3
DA:67,1
DA:68,1
DA:69,0
DA:70,0
DA:71,0
DA:72,0
DA:77,0
DA:78,0
DA:79,0
LF:29
LH:22
end_of_record
